<?xml version="1.0" encoding="UTF-8"?>
<!-- Generated by org.testng.reporters.JUnitReportReporter -->
<testsuite hostname="DESKTOP-PN8BVIB" failures="0" tests="5" name="pkg_SeleniumPractice.TestNGAnnotation3" time="0.025" errors="0" timestamp="2022-08-21T18:59:08 IST" skipped="0">
  <testcase classname="pkg_SeleniumPractice.TestNGAnnotation3" name="TC_04" time="0.003"/>
  <system-out/>
  <testcase classname="pkg_SeleniumPractice.TestNGAnnotation3" name="TC_01" time="0.012"/>
  <system-out/>
  <testcase classname="pkg_SeleniumPractice.TestNGAnnotation3" name="TC_02" time="0.004"/>
  <system-out/>
  <testcase classname="pkg_SeleniumPractice.TestNGAnnotation3" name="TC_05" time="0.004"/>
  <system-out/>
  <testcase classname="pkg_SeleniumPractice.TestNGAnnotation3" name="TC_03" time="0.002"/>
  <system-out/>
</testsuite> <!-- pkg_SeleniumPractice.TestNGAnnotation3 -->
